
*** Running vivado
    with args -log bd_e648_axis_register_slice_0_0.vds -m64 -product Vivado -mode batch -messageDb vivado.pb -notrace -source bd_e648_axis_register_slice_0_0.tcl


****** Vivado v2018.1 (64-bit)
  **** SW Build 2188600 on Wed Apr  4 18:40:38 MDT 2018
  **** IP Build 2185939 on Wed Apr  4 20:55:05 MDT 2018
    ** Copyright 1986-2018 Xilinx, Inc. All Rights Reserved.

source bd_e648_axis_register_slice_0_0.tcl -notrace
Command: synth_design -top bd_e648_axis_register_slice_0_0 -part xczu7ev-ffvc1156-2-e -mode out_of_context
Starting synth_design
Attempting to get a license for feature 'Synthesis' and/or device 'xczu7ev'
INFO: [Common 17-349] Got license for feature 'Synthesis' and/or device 'xczu7ev'
INFO: Launching helper process for spawning children vivado processes
INFO: Helper process launched with PID 1596 
---------------------------------------------------------------------------------
Starting RTL Elaboration : Time (s): cpu = 00:00:08 ; elapsed = 00:00:09 . Memory (MB): peak = 739.074 ; gain = 0.000
---------------------------------------------------------------------------------
INFO: [Synth 8-6157] synthesizing module 'bd_e648_axis_register_slice_0_0' [d:/xilinx_prj/xilinx_FrameBuffer/xtp_hdmi_ex/hw/v_hdmi_tx_ss/v_hdmi_tx_ss.srcs/sources_1/bd/zcu106_hdmi_platform/ip/zcu106_hdmi_platform_v_proc_ss_0_0/bd_0/ip/ip_7/synth/bd_e648_axis_register_slice_0_0.v:58]
INFO: [Synth 8-6157] synthesizing module 'axis_register_slice_v1_1_16_axis_register_slice' [d:/xilinx_prj/xilinx_FrameBuffer/xtp_hdmi_ex/hw/v_hdmi_tx_ss/v_hdmi_tx_ss.srcs/sources_1/bd/zcu106_hdmi_platform/ipshared/000e/hdl/axis_register_slice_v1_1_vl_rfs.v:2254]
	Parameter C_FAMILY bound to: zynquplus - type: string 
	Parameter C_AXIS_TDATA_WIDTH bound to: 48 - type: integer 
	Parameter C_AXIS_TID_WIDTH bound to: 1 - type: integer 
	Parameter C_AXIS_TDEST_WIDTH bound to: 1 - type: integer 
	Parameter C_AXIS_TUSER_WIDTH bound to: 1 - type: integer 
	Parameter C_AXIS_SIGNAL_SET bound to: 32'b00000000000000000000000011111111 
	Parameter C_REG_CONFIG bound to: 1 - type: integer 
	Parameter C_NUM_SLR_CROSSINGS bound to: 0 - type: integer 
	Parameter C_PIPELINES_MASTER bound to: 0 - type: integer 
	Parameter C_PIPELINES_SLAVE bound to: 0 - type: integer 
	Parameter C_PIPELINES_MIDDLE bound to: 0 - type: integer 
	Parameter G_INDX_SS_TREADY bound to: 0 - type: integer 
	Parameter G_INDX_SS_TDATA bound to: 1 - type: integer 
	Parameter G_INDX_SS_TSTRB bound to: 2 - type: integer 
	Parameter G_INDX_SS_TKEEP bound to: 3 - type: integer 
	Parameter G_INDX_SS_TLAST bound to: 4 - type: integer 
	Parameter G_INDX_SS_TID bound to: 5 - type: integer 
	Parameter G_INDX_SS_TDEST bound to: 6 - type: integer 
	Parameter G_INDX_SS_TUSER bound to: 7 - type: integer 
	Parameter G_MASK_SS_TREADY bound to: 1 - type: integer 
	Parameter G_MASK_SS_TDATA bound to: 2 - type: integer 
	Parameter G_MASK_SS_TSTRB bound to: 4 - type: integer 
	Parameter G_MASK_SS_TKEEP bound to: 8 - type: integer 
	Parameter G_MASK_SS_TLAST bound to: 16 - type: integer 
	Parameter G_MASK_SS_TID bound to: 32 - type: integer 
	Parameter G_MASK_SS_TDEST bound to: 64 - type: integer 
	Parameter G_MASK_SS_TUSER bound to: 128 - type: integer 
	Parameter G_TASK_SEVERITY_ERR bound to: 2 - type: integer 
	Parameter G_TASK_SEVERITY_WARNING bound to: 1 - type: integer 
	Parameter G_TASK_SEVERITY_INFO bound to: 0 - type: integer 
	Parameter P_TPAYLOAD_WIDTH bound to: 64 - type: integer 
INFO: [Synth 8-6157] synthesizing module 'axis_infrastructure_v1_1_0_util_axis2vector' [d:/xilinx_prj/xilinx_FrameBuffer/xtp_hdmi_ex/hw/v_hdmi_tx_ss/v_hdmi_tx_ss.srcs/sources_1/bd/zcu106_hdmi_platform/ipshared/0ab1/hdl/axis_infrastructure_v1_1_vl_rfs.v:810]
	Parameter C_TDATA_WIDTH bound to: 48 - type: integer 
	Parameter C_TID_WIDTH bound to: 1 - type: integer 
	Parameter C_TDEST_WIDTH bound to: 1 - type: integer 
	Parameter C_TUSER_WIDTH bound to: 1 - type: integer 
	Parameter C_TPAYLOAD_WIDTH bound to: 64 - type: integer 
	Parameter C_SIGNAL_SET bound to: 32'b00000000000000000000000011111111 
	Parameter G_INDX_SS_TREADY bound to: 0 - type: integer 
	Parameter G_INDX_SS_TDATA bound to: 1 - type: integer 
	Parameter G_INDX_SS_TSTRB bound to: 2 - type: integer 
	Parameter G_INDX_SS_TKEEP bound to: 3 - type: integer 
	Parameter G_INDX_SS_TLAST bound to: 4 - type: integer 
	Parameter G_INDX_SS_TID bound to: 5 - type: integer 
	Parameter G_INDX_SS_TDEST bound to: 6 - type: integer 
	Parameter G_INDX_SS_TUSER bound to: 7 - type: integer 
	Parameter G_MASK_SS_TREADY bound to: 1 - type: integer 
	Parameter G_MASK_SS_TDATA bound to: 2 - type: integer 
	Parameter G_MASK_SS_TSTRB bound to: 4 - type: integer 
	Parameter G_MASK_SS_TKEEP bound to: 8 - type: integer 
	Parameter G_MASK_SS_TLAST bound to: 16 - type: integer 
	Parameter G_MASK_SS_TID bound to: 32 - type: integer 
	Parameter G_MASK_SS_TDEST bound to: 64 - type: integer 
	Parameter G_MASK_SS_TUSER bound to: 128 - type: integer 
	Parameter G_TASK_SEVERITY_ERR bound to: 2 - type: integer 
	Parameter G_TASK_SEVERITY_WARNING bound to: 1 - type: integer 
	Parameter G_TASK_SEVERITY_INFO bound to: 0 - type: integer 
	Parameter P_TDATA_INDX bound to: 0 - type: integer 
	Parameter P_TSTRB_INDX bound to: 48 - type: integer 
	Parameter P_TKEEP_INDX bound to: 54 - type: integer 
	Parameter P_TLAST_INDX bound to: 60 - type: integer 
	Parameter P_TID_INDX bound to: 61 - type: integer 
	Parameter P_TDEST_INDX bound to: 62 - type: integer 
	Parameter P_TUSER_INDX bound to: 63 - type: integer 
INFO: [Synth 8-6155] done synthesizing module 'axis_infrastructure_v1_1_0_util_axis2vector' (1#1) [d:/xilinx_prj/xilinx_FrameBuffer/xtp_hdmi_ex/hw/v_hdmi_tx_ss/v_hdmi_tx_ss.srcs/sources_1/bd/zcu106_hdmi_platform/ipshared/0ab1/hdl/axis_infrastructure_v1_1_vl_rfs.v:810]
INFO: [Synth 8-6157] synthesizing module 'axis_register_slice_v1_1_16_axisc_register_slice' [d:/xilinx_prj/xilinx_FrameBuffer/xtp_hdmi_ex/hw/v_hdmi_tx_ss/v_hdmi_tx_ss.srcs/sources_1/bd/zcu106_hdmi_platform/ipshared/000e/hdl/axis_register_slice_v1_1_vl_rfs.v:1443]
	Parameter C_FAMILY bound to: zynquplus - type: string 
	Parameter C_DATA_WIDTH bound to: 64 - type: integer 
	Parameter C_REG_CONFIG bound to: 1 - type: integer 
	Parameter C_NUM_SLR_CROSSINGS bound to: 0 - type: integer 
	Parameter C_PIPELINES_MASTER bound to: 0 - type: integer 
	Parameter C_PIPELINES_SLAVE bound to: 0 - type: integer 
	Parameter C_PIPELINES_MIDDLE bound to: 0 - type: integer 
INFO: [Synth 8-5534] Detected attribute (* fsm_encoding = "none" *) [d:/xilinx_prj/xilinx_FrameBuffer/xtp_hdmi_ex/hw/v_hdmi_tx_ss/v_hdmi_tx_ss.srcs/sources_1/bd/zcu106_hdmi_platform/ipshared/000e/hdl/axis_register_slice_v1_1_vl_rfs.v:1635]
INFO: [Synth 8-6155] done synthesizing module 'axis_register_slice_v1_1_16_axisc_register_slice' (2#1) [d:/xilinx_prj/xilinx_FrameBuffer/xtp_hdmi_ex/hw/v_hdmi_tx_ss/v_hdmi_tx_ss.srcs/sources_1/bd/zcu106_hdmi_platform/ipshared/000e/hdl/axis_register_slice_v1_1_vl_rfs.v:1443]
INFO: [Synth 8-6157] synthesizing module 'axis_infrastructure_v1_1_0_util_vector2axis' [d:/xilinx_prj/xilinx_FrameBuffer/xtp_hdmi_ex/hw/v_hdmi_tx_ss/v_hdmi_tx_ss.srcs/sources_1/bd/zcu106_hdmi_platform/ipshared/0ab1/hdl/axis_infrastructure_v1_1_vl_rfs.v:992]
	Parameter C_TDATA_WIDTH bound to: 48 - type: integer 
	Parameter C_TID_WIDTH bound to: 1 - type: integer 
	Parameter C_TDEST_WIDTH bound to: 1 - type: integer 
	Parameter C_TUSER_WIDTH bound to: 1 - type: integer 
	Parameter C_TPAYLOAD_WIDTH bound to: 64 - type: integer 
	Parameter C_SIGNAL_SET bound to: 32'b00000000000000000000000011111111 
	Parameter G_INDX_SS_TREADY bound to: 0 - type: integer 
	Parameter G_INDX_SS_TDATA bound to: 1 - type: integer 
	Parameter G_INDX_SS_TSTRB bound to: 2 - type: integer 
	Parameter G_INDX_SS_TKEEP bound to: 3 - type: integer 
	Parameter G_INDX_SS_TLAST bound to: 4 - type: integer 
	Parameter G_INDX_SS_TID bound to: 5 - type: integer 
	Parameter G_INDX_SS_TDEST bound to: 6 - type: integer 
	Parameter G_INDX_SS_TUSER bound to: 7 - type: integer 
	Parameter G_MASK_SS_TREADY bound to: 1 - type: integer 
	Parameter G_MASK_SS_TDATA bound to: 2 - type: integer 
	Parameter G_MASK_SS_TSTRB bound to: 4 - type: integer 
	Parameter G_MASK_SS_TKEEP bound to: 8 - type: integer 
	Parameter G_MASK_SS_TLAST bound to: 16 - type: integer 
	Parameter G_MASK_SS_TID bound to: 32 - type: integer 
	Parameter G_MASK_SS_TDEST bound to: 64 - type: integer 
	Parameter G_MASK_SS_TUSER bound to: 128 - type: integer 
	Parameter G_TASK_SEVERITY_ERR bound to: 2 - type: integer 
	Parameter G_TASK_SEVERITY_WARNING bound to: 1 - type: integer 
	Parameter G_TASK_SEVERITY_INFO bound to: 0 - type: integer 
	Parameter P_TDATA_INDX bound to: 0 - type: integer 
	Parameter P_TSTRB_INDX bound to: 48 - type: integer 
	Parameter P_TKEEP_INDX bound to: 54 - type: integer 
	Parameter P_TLAST_INDX bound to: 60 - type: integer 
	Parameter P_TID_INDX bound to: 61 - type: integer 
	Parameter P_TDEST_INDX bound to: 62 - type: integer 
	Parameter P_TUSER_INDX bound to: 63 - type: integer 
INFO: [Synth 8-6155] done synthesizing module 'axis_infrastructure_v1_1_0_util_vector2axis' (3#1) [d:/xilinx_prj/xilinx_FrameBuffer/xtp_hdmi_ex/hw/v_hdmi_tx_ss/v_hdmi_tx_ss.srcs/sources_1/bd/zcu106_hdmi_platform/ipshared/0ab1/hdl/axis_infrastructure_v1_1_vl_rfs.v:992]
INFO: [Synth 8-6155] done synthesizing module 'axis_register_slice_v1_1_16_axis_register_slice' (4#1) [d:/xilinx_prj/xilinx_FrameBuffer/xtp_hdmi_ex/hw/v_hdmi_tx_ss/v_hdmi_tx_ss.srcs/sources_1/bd/zcu106_hdmi_platform/ipshared/000e/hdl/axis_register_slice_v1_1_vl_rfs.v:2254]
INFO: [Synth 8-6155] done synthesizing module 'bd_e648_axis_register_slice_0_0' (5#1) [d:/xilinx_prj/xilinx_FrameBuffer/xtp_hdmi_ex/hw/v_hdmi_tx_ss/v_hdmi_tx_ss.srcs/sources_1/bd/zcu106_hdmi_platform/ip/zcu106_hdmi_platform_v_proc_ss_0_0/bd_0/ip/ip_7/synth/bd_e648_axis_register_slice_0_0.v:58]
WARNING: [Synth 8-3331] design axis_register_slice_v1_1_16_axisc_register_slice has unconnected port ACLK2X
---------------------------------------------------------------------------------
Finished RTL Elaboration : Time (s): cpu = 00:00:09 ; elapsed = 00:00:11 . Memory (MB): peak = 739.074 ; gain = 0.000
---------------------------------------------------------------------------------

Report Check Netlist: 
+------+------------------+-------+---------+-------+------------------+
|      |Item              |Errors |Warnings |Status |Description       |
+------+------------------+-------+---------+-------+------------------+
|1     |multi_driven_nets |      0|        0|Passed |Multi driven nets |
+------+------------------+-------+---------+-------+------------------+
---------------------------------------------------------------------------------
Start Handling Custom Attributes
---------------------------------------------------------------------------------
---------------------------------------------------------------------------------
Finished Handling Custom Attributes : Time (s): cpu = 00:00:10 ; elapsed = 00:00:11 . Memory (MB): peak = 739.074 ; gain = 0.000
---------------------------------------------------------------------------------
---------------------------------------------------------------------------------
Finished RTL Optimization Phase 1 : Time (s): cpu = 00:00:10 ; elapsed = 00:00:11 . Memory (MB): peak = 739.074 ; gain = 0.000
---------------------------------------------------------------------------------
INFO: [Device 21-403] Loading part xczu7ev-ffvc1156-2-e
INFO: [Project 1-570] Preparing netlist for logic optimization

Processing XDC Constraints
Initializing timing engine
Parsing XDC File [d:/xilinx_prj/xilinx_FrameBuffer/xtp_hdmi_ex/hw/v_hdmi_tx_ss/v_hdmi_tx_ss.srcs/sources_1/bd/zcu106_hdmi_platform/ip/zcu106_hdmi_platform_v_proc_ss_0_0/bd_0/ip/ip_7/bd_e648_axis_register_slice_0_0_ooc.xdc] for cell 'inst'
Finished Parsing XDC File [d:/xilinx_prj/xilinx_FrameBuffer/xtp_hdmi_ex/hw/v_hdmi_tx_ss/v_hdmi_tx_ss.srcs/sources_1/bd/zcu106_hdmi_platform/ip/zcu106_hdmi_platform_v_proc_ss_0_0/bd_0/ip/ip_7/bd_e648_axis_register_slice_0_0_ooc.xdc] for cell 'inst'
Parsing XDC File [D:/xilinx_prj/xilinx_FrameBuffer/xtp_hdmi_ex/hw/v_hdmi_tx_ss/v_hdmi_tx_ss.runs/bd_e648_axis_register_slice_0_0_synth_1/dont_touch.xdc]
Finished Parsing XDC File [D:/xilinx_prj/xilinx_FrameBuffer/xtp_hdmi_ex/hw/v_hdmi_tx_ss/v_hdmi_tx_ss.runs/bd_e648_axis_register_slice_0_0_synth_1/dont_touch.xdc]
Parsing XDC File [d:/xilinx_prj/xilinx_FrameBuffer/xtp_hdmi_ex/hw/v_hdmi_tx_ss/v_hdmi_tx_ss.srcs/sources_1/bd/zcu106_hdmi_platform/ip/zcu106_hdmi_platform_v_proc_ss_0_0/bd_0/ip/ip_7/bd_e648_axis_register_slice_0_0_clocks.xdc] for cell 'inst'
Finished Parsing XDC File [d:/xilinx_prj/xilinx_FrameBuffer/xtp_hdmi_ex/hw/v_hdmi_tx_ss/v_hdmi_tx_ss.srcs/sources_1/bd/zcu106_hdmi_platform/ip/zcu106_hdmi_platform_v_proc_ss_0_0/bd_0/ip/ip_7/bd_e648_axis_register_slice_0_0_clocks.xdc] for cell 'inst'
Completed Processing XDC Constraints

INFO: [Project 1-111] Unisim Transformation Summary:
No Unisim elements were transformed.

Constraint Validation Runtime : Time (s): cpu = 00:00:00 ; elapsed = 00:00:00.039 . Memory (MB): peak = 1615.355 ; gain = 0.000
---------------------------------------------------------------------------------
Finished Constraint Validation : Time (s): cpu = 00:00:34 ; elapsed = 00:01:15 . Memory (MB): peak = 1615.355 ; gain = 876.281
---------------------------------------------------------------------------------
---------------------------------------------------------------------------------
Start Loading Part and Timing Information
---------------------------------------------------------------------------------
Loading part: xczu7ev-ffvc1156-2-e
---------------------------------------------------------------------------------
Finished Loading Part and Timing Information : Time (s): cpu = 00:00:34 ; elapsed = 00:01:15 . Memory (MB): peak = 1615.355 ; gain = 876.281
---------------------------------------------------------------------------------
---------------------------------------------------------------------------------
Start Applying 'set_property' XDC Constraints
---------------------------------------------------------------------------------
Applied set_property DONT_TOUCH = true for inst. (constraint file  D:/xilinx_prj/xilinx_FrameBuffer/xtp_hdmi_ex/hw/v_hdmi_tx_ss/v_hdmi_tx_ss.runs/bd_e648_axis_register_slice_0_0_synth_1/dont_touch.xdc, line 6).
---------------------------------------------------------------------------------
Finished applying 'set_property' XDC Constraints : Time (s): cpu = 00:00:34 ; elapsed = 00:01:15 . Memory (MB): peak = 1615.355 ; gain = 876.281
---------------------------------------------------------------------------------
INFO: [Synth 8-4490] FSM extraction disabled for register 'gen_AB_reg_slice.state_reg' through user attribute
---------------------------------------------------------------------------------
Finished RTL Optimization Phase 2 : Time (s): cpu = 00:00:35 ; elapsed = 00:01:15 . Memory (MB): peak = 1615.355 ; gain = 876.281
---------------------------------------------------------------------------------

Report RTL Partitions: 
+-+--------------+------------+----------+
| |RTL Partition |Replication |Instances |
+-+--------------+------------+----------+
+-+--------------+------------+----------+
---------------------------------------------------------------------------------
Start RTL Component Statistics 
---------------------------------------------------------------------------------
Detailed RTL Component Info : 
+---Registers : 
	               64 Bit    Registers := 2     
	                2 Bit    Registers := 1     
	                1 Bit    Registers := 3     
+---Muxes : 
	   2 Input     64 Bit        Muxes := 1     
	   5 Input      2 Bit        Muxes := 1     
	   2 Input      1 Bit        Muxes := 1     
	   4 Input      1 Bit        Muxes := 1     
---------------------------------------------------------------------------------
Finished RTL Component Statistics 
---------------------------------------------------------------------------------
---------------------------------------------------------------------------------
Start RTL Hierarchical Component Statistics 
---------------------------------------------------------------------------------
Hierarchical RTL Component report 
Module axis_register_slice_v1_1_16_axisc_register_slice 
Detailed RTL Component Info : 
+---Registers : 
	               64 Bit    Registers := 2     
	                2 Bit    Registers := 1     
	                1 Bit    Registers := 2     
+---Muxes : 
	   2 Input     64 Bit        Muxes := 1     
	   5 Input      2 Bit        Muxes := 1     
	   2 Input      1 Bit        Muxes := 1     
	   4 Input      1 Bit        Muxes := 1     
Module axis_register_slice_v1_1_16_axis_register_slice 
Detailed RTL Component Info : 
+---Registers : 
	                1 Bit    Registers := 1     
---------------------------------------------------------------------------------
Finished RTL Hierarchical Component Statistics
---------------------------------------------------------------------------------
---------------------------------------------------------------------------------
Start Part Resource Summary
---------------------------------------------------------------------------------
Part Resources:
DSPs: 1728 (col length:144)
BRAMs: 624 (col length: RAMB18 144 RAMB36 72)
---------------------------------------------------------------------------------
Finished Part Resource Summary
---------------------------------------------------------------------------------
---------------------------------------------------------------------------------
Start Cross Boundary and Area Optimization
---------------------------------------------------------------------------------
Warning: Parallel synthesis criteria is not met 
WARNING: [Synth 8-3331] design axis_register_slice_v1_1_16_axis_register_slice has unconnected port aclk2x
---------------------------------------------------------------------------------
Finished Cross Boundary and Area Optimization : Time (s): cpu = 00:00:36 ; elapsed = 00:01:17 . Memory (MB): peak = 1615.355 ; gain = 876.281
---------------------------------------------------------------------------------

Report RTL Partitions: 
+-+--------------+------------+----------+
| |RTL Partition |Replication |Instances |
+-+--------------+------------+----------+
+-+--------------+------------+----------+
---------------------------------------------------------------------------------
Start Applying XDC Timing Constraints
---------------------------------------------------------------------------------
---------------------------------------------------------------------------------
Finished Applying XDC Timing Constraints : Time (s): cpu = 00:01:17 ; elapsed = 00:02:24 . Memory (MB): peak = 2260.086 ; gain = 1521.012
---------------------------------------------------------------------------------
---------------------------------------------------------------------------------
Start Timing Optimization
---------------------------------------------------------------------------------
---------------------------------------------------------------------------------
Finished Timing Optimization : Time (s): cpu = 00:01:17 ; elapsed = 00:02:24 . Memory (MB): peak = 2269.938 ; gain = 1530.863
---------------------------------------------------------------------------------

Report RTL Partitions: 
+-+--------------+------------+----------+
| |RTL Partition |Replication |Instances |
+-+--------------+------------+----------+
+-+--------------+------------+----------+
---------------------------------------------------------------------------------
Start Technology Mapping
---------------------------------------------------------------------------------
---------------------------------------------------------------------------------
Finished Technology Mapping : Time (s): cpu = 00:01:17 ; elapsed = 00:02:24 . Memory (MB): peak = 2280.113 ; gain = 1541.039
---------------------------------------------------------------------------------

Report RTL Partitions: 
+-+--------------+------------+----------+
| |RTL Partition |Replication |Instances |
+-+--------------+------------+----------+
+-+--------------+------------+----------+
---------------------------------------------------------------------------------
Start IO Insertion
---------------------------------------------------------------------------------
---------------------------------------------------------------------------------
Start Flattening Before IO Insertion
---------------------------------------------------------------------------------
---------------------------------------------------------------------------------
Finished Flattening Before IO Insertion
---------------------------------------------------------------------------------
---------------------------------------------------------------------------------
Start Final Netlist Cleanup
---------------------------------------------------------------------------------
---------------------------------------------------------------------------------
Finished Final Netlist Cleanup
---------------------------------------------------------------------------------
---------------------------------------------------------------------------------
Finished IO Insertion : Time (s): cpu = 00:01:18 ; elapsed = 00:02:26 . Memory (MB): peak = 2280.113 ; gain = 1541.039
---------------------------------------------------------------------------------

Report Check Netlist: 
+------+------------------+-------+---------+-------+------------------+
|      |Item              |Errors |Warnings |Status |Description       |
+------+------------------+-------+---------+-------+------------------+
|1     |multi_driven_nets |      0|        0|Passed |Multi driven nets |
+------+------------------+-------+---------+-------+------------------+
---------------------------------------------------------------------------------
Start Renaming Generated Instances
---------------------------------------------------------------------------------
---------------------------------------------------------------------------------
Finished Renaming Generated Instances : Time (s): cpu = 00:01:18 ; elapsed = 00:02:26 . Memory (MB): peak = 2280.113 ; gain = 1541.039
---------------------------------------------------------------------------------

Report RTL Partitions: 
+-+--------------+------------+----------+
| |RTL Partition |Replication |Instances |
+-+--------------+------------+----------+
+-+--------------+------------+----------+
---------------------------------------------------------------------------------
Start Rebuilding User Hierarchy
---------------------------------------------------------------------------------
---------------------------------------------------------------------------------
Finished Rebuilding User Hierarchy : Time (s): cpu = 00:01:18 ; elapsed = 00:02:26 . Memory (MB): peak = 2280.113 ; gain = 1541.039
---------------------------------------------------------------------------------
---------------------------------------------------------------------------------
Start Renaming Generated Ports
---------------------------------------------------------------------------------
---------------------------------------------------------------------------------
Finished Renaming Generated Ports : Time (s): cpu = 00:01:18 ; elapsed = 00:02:26 . Memory (MB): peak = 2280.113 ; gain = 1541.039
---------------------------------------------------------------------------------
---------------------------------------------------------------------------------
Start Handling Custom Attributes
---------------------------------------------------------------------------------
---------------------------------------------------------------------------------
Finished Handling Custom Attributes : Time (s): cpu = 00:01:18 ; elapsed = 00:02:26 . Memory (MB): peak = 2280.113 ; gain = 1541.039
---------------------------------------------------------------------------------
---------------------------------------------------------------------------------
Start Renaming Generated Nets
---------------------------------------------------------------------------------
---------------------------------------------------------------------------------
Finished Renaming Generated Nets : Time (s): cpu = 00:01:18 ; elapsed = 00:02:26 . Memory (MB): peak = 2280.113 ; gain = 1541.039
---------------------------------------------------------------------------------
---------------------------------------------------------------------------------
Start Writing Synthesis Report
---------------------------------------------------------------------------------

Report BlackBoxes: 
+-+--------------+----------+
| |BlackBox name |Instances |
+-+--------------+----------+
+-+--------------+----------+

Report Cell Usage: 
+------+-----+------+
|      |Cell |Count |
+------+-----+------+
|1     |LUT1 |     1|
|2     |LUT3 |    64|
|3     |LUT4 |     6|
|4     |LUT5 |     1|
|5     |FDRE |   133|
+------+-----+------+

Report Instance Areas: 
+------+---------------------------+-------------------------------------------------+------+
|      |Instance                   |Module                                           |Cells |
+------+---------------------------+-------------------------------------------------+------+
|1     |top                        |                                                 |   205|
|2     |  inst                     |axis_register_slice_v1_1_16_axis_register_slice  |   205|
|3     |    axisc_register_slice_0 |axis_register_slice_v1_1_16_axisc_register_slice |   203|
+------+---------------------------+-------------------------------------------------+------+
---------------------------------------------------------------------------------
Finished Writing Synthesis Report : Time (s): cpu = 00:01:18 ; elapsed = 00:02:26 . Memory (MB): peak = 2280.113 ; gain = 1541.039
---------------------------------------------------------------------------------
Synthesis finished with 0 errors, 0 critical warnings and 1 warnings.
Synthesis Optimization Runtime : Time (s): cpu = 00:00:52 ; elapsed = 00:01:34 . Memory (MB): peak = 2280.113 ; gain = 664.758
Synthesis Optimization Complete : Time (s): cpu = 00:01:18 ; elapsed = 00:02:27 . Memory (MB): peak = 2280.113 ; gain = 1541.039
INFO: [Project 1-571] Translating synthesized netlist
INFO: [Project 1-570] Preparing netlist for logic optimization
INFO: [Opt 31-138] Pushed 0 inverter(s) to 0 load pin(s).
INFO: [Project 1-111] Unisim Transformation Summary:
No Unisim elements were transformed.

INFO: [Common 17-83] Releasing license: Synthesis
21 Infos, 2 Warnings, 0 Critical Warnings and 0 Errors encountered.
synth_design completed successfully
synth_design: Time (s): cpu = 00:01:20 ; elapsed = 00:02:31 . Memory (MB): peak = 2306.688 ; gain = 1567.613
INFO: [Common 17-1381] The checkpoint 'D:/xilinx_prj/xilinx_FrameBuffer/xtp_hdmi_ex/hw/v_hdmi_tx_ss/v_hdmi_tx_ss.runs/bd_e648_axis_register_slice_0_0_synth_1/bd_e648_axis_register_slice_0_0.dcp' has been generated.
INFO: [Coretcl 2-1482] Added synthesis output to IP cache for IP d:/xilinx_prj/xilinx_FrameBuffer/xtp_hdmi_ex/hw/v_hdmi_tx_ss/v_hdmi_tx_ss.srcs/sources_1/bd/zcu106_hdmi_platform/ip/zcu106_hdmi_platform_v_proc_ss_0_0/bd_0/ip/ip_7/bd_e648_axis_register_slice_0_0.xci
INFO: [Coretcl 2-1174] Renamed 2 cell refs.
INFO: [Common 17-1381] The checkpoint 'D:/xilinx_prj/xilinx_FrameBuffer/xtp_hdmi_ex/hw/v_hdmi_tx_ss/v_hdmi_tx_ss.runs/bd_e648_axis_register_slice_0_0_synth_1/bd_e648_axis_register_slice_0_0.dcp' has been generated.
INFO: [runtcl-4] Executing : report_utilization -file bd_e648_axis_register_slice_0_0_utilization_synth.rpt -pb bd_e648_axis_register_slice_0_0_utilization_synth.pb
report_utilization: Time (s): cpu = 00:00:00 ; elapsed = 00:00:00.376 . Memory (MB): peak = 2306.688 ; gain = 0.000
INFO: [Common 17-206] Exiting Vivado at Sat Apr 20 16:33:45 2024...
